<testng-results>
  <reporter-output>
  </reporter-output>
  <suite name="Command line suite" duration-ms="6" started-at="2015-05-27T11:00:35Z" finished-at="2015-05-27T11:00:35Z">
    <groups>
    </groups>
    <test name="Command line test" duration-ms="6" started-at="2015-05-27T11:00:35Z" finished-at="2015-05-27T11:00:35Z">
      <class name="com.gkudos.jasperserver.client.JasperserverRestClientTest">
        <test-method status="PASS" signature="FileIO()" name="FileIO" is-config="true" duration-ms="4" started-at="2015-05-27T11:00:35Z" finished-at="2015-05-27T11:00:35Z">
        </test-method>
        <test-method status="PASS" signature="afterTest()" name="afterTest" is-config="true" duration-ms="0" started-at="2015-05-27T11:00:35Z" finished-at="2015-05-27T11:00:35Z">
        </test-method>
      </class>
    </test>
  </suite>
</testng-results>
